<?xml version="1.0" encoding="UTF-8"?>
<testsuite name="Agregar producto a carro de compras" tests="1" skipped="0" failures="0" errors="0" timestamp="2020-01-14T02:49:00" hostname="CPX-HW0BLWH2894" time="43.282">
  <properties/>
  <testcase name="Buscar un producto y agregarlo al carro de compras" classname="Agregar producto a carro de compras" time="43.282"/>
  <system-out><![CDATA[
























]]></system-out>
  <system-err><![CDATA[Jan 13, 2020 9:49:01 PM org.openqa.selenium.remote.DesiredCapabilities chrome
INFO: Using `new ChromeOptions()` is preferred to `DesiredCapabilities.chrome()`
Starting ChromeDriver 2.35.528161 (5b82f2d2aae0ca24b877009200ced9065a772e73) on port 15851
Only local connections are allowed.
Jan 13, 2020 9:49:15 PM org.openqa.selenium.remote.ProtocolHandshake createSession
INFO: Detected dialect: OSS
[Test worker] INFO net.thucydides.core.steps.ConsoleLoggingListener - 
        __    _____ _____ ____ _____   ____   _    ____  ____  _____ ____  
  _     \ \  |_   _| ____/ ___|_   _| |  _ \ / \  / ___|/ ___|| ____|  _ \ 
 (_)_____| |   | | |  _| \___ \ | |   | |_) / _ \ \___ \\___ \|  _| | | | |
  _|_____| |   | | | |___ ___) || |   |  __/ ___ \ ___) |___) | |___| |_| |
 (_)     | |   |_| |_____|____/ |_|   |_| /_/   \_\____/|____/|_____|____/ 
        /_/                                                                

TEST PASSED: Buscar un producto y agregarlo al carro de compras
----------------------------------------------------------------------------
]]></system-err>
</testsuite>
